build/app/outputs/mapping/release/seeds.txt
com.example.solo_leveling.MainActivity
com.example.solo_leveling.MainActivity: MainActivity()
...
androidx.window.area.reflectionguard.ExtensionWindowAreaPresentationRequirements: void setPresentationView(android.view.View)
io.flutter.embedding.android.FlutterTextureView: io.flutter.embedding.engine.renderer.FlutterRenderer getAttachedRenderer()
io.flutter.embedding.engine.FlutterJNI: void deferredComponentInstallFailure(int,java.lang.String,boolean)
io.flutter.embedding.engine.FlutterJNI: void nativeUpdateRefreshRate(float)
io.flutter.view.AccessibilityBridge$StringAttributeType: io.flutter.view.AccessibilityBridge$StringAttributeType valueOf(java.lang.String)
io.flutter.embedding.engine.renderer.FlutterRenderer$ImageReaderSurfaceProducer: void onImage(android.media.ImageReader,android.media.Image)
androidx.core.content.ContextCompat$Api28Impl: java.util.concurrent.Executor getMainExecutor(android.content.Context)
androidx.core.view.WindowInsetsCompat$BuilderImpl29: void setSystemWindowInsets(androidx.core.graphics.Insets)
androidx.core.view.WindowInsetsCompat$Impl21: androidx.core.graphics.Insets getStableInsets()
io.flutter.embedding.engine.renderer.FlutterRenderer$ImageReaderSurfaceProducer: FlutterRenderer$ImageReaderSurfaceProducer(io.flutter.embedding.engine.renderer.FlutterRenderer,long)
io.flutter.view.AccessibilityViewEmbedder: boolean onAccessibilityHoverEvent(int,android.view.MotionEvent)
io.flutter.embedding.engine.FlutterJNI: void init(android.content.Context,java.lang.String[],java.lang.String,java.lang.String,java.lang.String,long)
io.flutter.embedding.engine.FlutterJNI: void nativeUpdateJavaAssetManager(long,android.content.res.AssetManager,java.lang.String)
androidx.core.view.WindowInsetsCompat$Impl: int hashCode()
androidx.core.view.WindowInsetsCompat$Impl20: androidx.core.graphics.Insets getInsets(int)
io.flutter.embedding.engine.renderer.FlutterRenderer$ImageReaderSurfaceProducer: void pruneImageReaderQueue()
androidx.core.graphics.drawable.IconCompat$Api28Impl: int getResId(java.lang.Object)
androidx.window.area.reflectionguard.ExtensionWindowAreaStatusRequirements: android.util.DisplayMetrics getWindowAreaDisplayMetrics()
io.flutter.view.TextureRegistry$ImageTextureEntry: void release()
androidx.lifecycle.ProcessLifecycleOwner$attach$1: void onActivityPreCreated(android.app.Activity,android.os.Bundle)
io.flutter.embedding.engine.FlutterJNI: boolean nativeFlutterTextUtilsIsEmoji(int)
io.flutter.embedding.engine.FlutterJNI: void onSurfaceDestroyed()
androidx.lifecycle.ReportFragment$LifecycleCallbacks: void onActivityStopped(android.app.Activity)
androidx.core.view.WindowInsetsCompat$Impl: androidx.core.view.WindowInsetsCompat consumeDisplayCutout()
androidx.core.view.ViewCompat$Api21Impl: float getElevation(android.view.View)
io.flutter.plugin.platform.PlatformViewWrapper: android.view.ViewTreeObserver$OnGlobalFocusChangeListener getActiveFocusListener()
androidx.core.view.DisplayCutoutCompat$Api28Impl: int getSafeInsetRight(android.view.DisplayCutout)
io.flutter.embedding.engine.renderer.SurfaceTextureWrapper: boolean shouldUpdate()
io.flutter.embedding.engine.FlutterJNI: void onDisplayOverlaySurface(int,int,int,int,int)
io.flutter.embedding.android.TransparencyMode: io.flutter.embedding.android.TransparencyMode[] values()
io.flutter.embedding.android.FlutterView: android.view.accessibility.AccessibilityNodeProvider getAccessibilityNodeProvider()
io.flutter.embedding.engine.FlutterJNI: io.flutter.embedding.engine.FlutterOverlaySurface createOverlaySurface()
io.flutter.embedding.android.FlutterImageView$SurfaceKind: io.flutter.embedding.android.FlutterImageView$SurfaceKind valueOf(java.lang.String)
androidx.lifecycle.ReportFragment$LifecycleCallbacks: void onActivityStarted(android.app.Activity)
io.flutter.embedding.engine.systemchannels.SettingsChannel$PlatformBrightness: io.flutter.embedding.engine.systemchannels.SettingsChannel$PlatformBrightness[] values()