build/app/outputs/mapping/release/mapping.txt
# compiler: R8
# compiler_version: 8.1.68
# min_api: 21
# common_typos_disable
# {"id":"com.android.tools.r8.mapping","version":"2.2"}
# pg_map_id: a96bcae
# pg_map_hash: SHA-256 a96bcae693f225ae3de7da6834bba65ce28aa809ecd6eb0d4e90d8f4b70857d7
...
kotlin.collections.EmptySet -> m0.z:
    kotlin.collections.EmptySet INSTANCE -> e
    1:1:void <clinit>():0:0 -> <clinit>
    void <init>() -> <init>
    1:1:boolean contains(java.lang.Void):0:0 -> a
    1:1:boolean add(java.lang.Object):0:0 -> add
    1:1:boolean addAll(java.util.Collection):0:0 -> addAll
    1:1:int getSize():0:0 -> b
    1:1:void clear():0:0 -> clear
    1:1:boolean contains(java.lang.Object):0:0 -> contains
    1:1:boolean containsAll(java.util.Collection):0:0 -> containsAll
    1:1:boolean equals(java.lang.Object):0:0 -> equals
    1:1:int hashCode():0:0 -> hashCode
    1:1:boolean isEmpty():0:0 -> isEmpty
    1:1:java.util.Iterator iterator():0:0 -> iterator
    1:1:boolean remove(java.lang.Object):0:0 -> remove
    1:1:boolean removeAll(java.util.Collection):0:0 -> removeAll
    1:1:boolean retainAll(java.util.Collection):0:0 -> retainAll
    1:1:int size():0:0 -> size
    1:1:java.lang.Object[] toArray():0:0 -> toArray
    2:2:java.lang.Object[] toArray(java.lang.Object[]):0:0 -> toArray
    1:1:java.lang.String toString():0:0 -> toString
kotlin.collections.IntIterator -> m0.a0:
    void <init>() -> <init>
    int nextInt() -> a
    1:1:java.lang.Object next():0:0 -> next
    1:1:void remove():0:0 -> remove
kotlin.collections.MapsKt -> m0.b0:
    1:1:int mapCapacity(int):0:0 -> a
      # {"id":"com.android.tools.r8.synthesized"}
    1:1:java.util.Map toMap(java.lang.Iterable):0:0 -> g
      # {"id":"com.android.tools.r8.synthesized"}
kotlin.collections.MapsKt__MapWithDefaultKt -> m0.c0:
kotlin.collections.MapsKt__MapsJVMKt -> m0.d0:
    1:1:int mapCapacity(int):0:0 -> a
    1:1:java.util.Map mapOf(kotlin.Pair):0:0 -> b
      # {"id":"com.android.tools.r8.residualsignature","signature":"(Ll0/j;)Ljava/util/Map;"}
    1:1:java.util.Map toSingletonMap(java.util.Map):0:0 -> c
kotlin.collections.MapsKt__MapsKt -> m0.e0:
    1:1:java.util.Map emptyMap():0:0 -> d
    1:1:java.util.Map optimizeReadOnlyMap(java.util.Map):0:0 -> e
    1:1:void putAll(java.util.Map,java.lang.Iterable):0:0 -> f
    1:1:java.util.Map toMap(java.lang.Iterable):0:0 -> g
    1:1:java.util.Map toMap(java.lang.Iterable,java.util.Map):0:0 -> h
kotlin.collections.MapsKt___MapsJvmKt -> m0.f0:
kotlin.collections.MapsKt___MapsKt -> m0.g0:
kotlin.collections.SetsKt__SetsJVMKt -> m0.h0:
    1:1:java.util.Set setOf(java.lang.Object):0:0 -> a
kotlin.collections.SetsKt__SetsKt -> m0.i0:
    1:1:java.util.Set emptySet():0:0 -> b
    1:1:java.util.Set optimizeReadOnlySet(java.util.Set):0:0 -> c
kotlin.coroutines.AbstractCoroutineContextElement -> n0.a:
    kotlin.coroutines.CoroutineContext$Key key -> e
    1:1:void <init>(kotlin.coroutines.CoroutineContext$Key):0:0 -> <init>
      # {"id":"com.android.tools.r8.residualsignature","signature":"(Ln0/g$c;)V"}
    1:1:kotlin.coroutines.CoroutineContext$Element get(kotlin.coroutines.CoroutineContext$Key):0:0 -> a
      # {"id":"com.android.tools.r8.residualsignature","signature":"(Ln0/g$c;)Ln0/g$b;"}
    1:1:kotlin.coroutines.CoroutineContext$Key getKey():0:0 -> getKey
      # {"id":"com.android.tools.r8.residualsignature","signature":"()Ln0/g$c;"}
    1:1:kotlin.coroutines.CoroutineContext minusKey(kotlin.coroutines.CoroutineContext$Key):0:0 -> l
      # {"id":"com.android.tools.r8.residualsignature","signature":"(Ln0/g$c;)Ln0/g;"}
    1:1:java.lang.Object fold(java.lang.Object,kotlin.jvm.functions.Function2):0:0 -> q
      # {"id":"com.android.tools.r8.residualsignature","signature":"(Ljava/lang/Object;Lw0/p;)Ljava/lang/Object;"}
    1:1:kotlin.coroutines.CoroutineContext plus(kotlin.coroutines.CoroutineContext):0:0 -> u
      # {"id":"com.android.tools.r8.residualsignature","signature":"(Ln0/g;)Ln0/g;"}