build/app/outputs/mapping/release/usage.txt
com.example.solo_leveling.BuildConfig
com.example.solo_leveling.R$anim
com.example.solo_leveling.R$animator
com.example.solo_leveling.R$attr
com.example.solo_leveling.R$color
com.example.solo_leveling.R$dimen
com.example.solo_leveling.R$drawable
com.example.solo_leveling.R$id
com.example.solo_leveling.R$integer
com.example.solo_leveling.R$layout
com.example.solo_leveling.R$mipmap
com.example.solo_leveling.R$string
com.example.solo_leveling.R$style
com.example.solo_leveling.R$styleable
com.example.solo_leveling.R
...
kotlinx.coroutines.flow.FlowKt__LimitKt$collectWhile$collector$1
kotlinx.coroutines.flow.FlowKt__LimitKt$drop$$inlined$unsafeFlow$1
kotlinx.coroutines.flow.FlowKt__LimitKt$drop$2$1$emit$1
kotlinx.coroutines.flow.FlowKt__LimitKt$drop$2$1
kotlinx.coroutines.flow.FlowKt__LimitKt$dropWhile$$inlined$unsafeFlow$1
kotlinx.coroutines.flow.FlowKt__LimitKt$dropWhile$1$1$emit$1
kotlinx.coroutines.flow.FlowKt__LimitKt$dropWhile$1$1
kotlinx.coroutines.flow.FlowKt__LimitKt$emitAbort$1
kotlinx.coroutines.flow.FlowKt__LimitKt$take$$inlined$unsafeFlow$1$1
kotlinx.coroutines.flow.FlowKt__LimitKt$take$$inlined$unsafeFlow$1
kotlinx.coroutines.flow.FlowKt__LimitKt$take$2$1$emit$1
kotlinx.coroutines.flow.FlowKt__LimitKt$take$2$1
kotlinx.coroutines.flow.FlowKt__LimitKt$takeWhile$$inlined$unsafeFlow$1$1
kotlinx.coroutines.flow.FlowKt__LimitKt$takeWhile$$inlined$unsafeFlow$1
kotlinx.coroutines.flow.FlowKt__LimitKt$takeWhile$lambda$6$$inlined$collectWhile$1$1
kotlinx.coroutines.flow.FlowKt__LimitKt$takeWhile$lambda$6$$inlined$collectWhile$1
kotlinx.coroutines.flow.FlowKt__LimitKt$transformWhile$1$invokeSuspend$$inlined$collectWhile$1$1
kotlinx.coroutines.flow.FlowKt__LimitKt$transformWhile$1$invokeSuspend$$inlined$collectWhile$1
kotlinx.coroutines.flow.FlowKt__LimitKt$transformWhile$1
kotlinx.coroutines.flow.FlowKt__LimitKt
kotlinx.coroutines.flow.FlowKt__MergeKt$flatMapConcat$$inlined$map$1$2$1
kotlinx.coroutines.flow.FlowKt__MergeKt$flatMapConcat$$inlined$map$1$2
kotlinx.coroutines.flow.FlowKt__MergeKt$flatMapConcat$$inlined$map$1
kotlinx.coroutines.flow.FlowKt__MergeKt$flatMapLatest$1
kotlinx.coroutines.flow.FlowKt__MergeKt$flatMapMerge$$inlined$map$1$2$1
kotlinx.coroutines.flow.FlowKt__MergeKt$flatMapMerge$$inlined$map$1$2
kotlinx.coroutines.flow.FlowKt__MergeKt$flatMapMerge$$inlined$map$1
kotlinx.coroutines.flow.FlowKt__MergeKt$flattenConcat$$inlined$unsafeFlow$1
kotlinx.coroutines.flow.FlowKt__MergeKt$flattenConcat$1$1$emit$1
kotlinx.coroutines.flow.FlowKt__MergeKt$flattenConcat$1$1
kotlinx.coroutines.flow.FlowKt__MergeKt$mapLatest$1
kotlinx.coroutines.flow.FlowKt__MergeKt
kotlinx.coroutines.flow.FlowKt__MigrationKt$delayEach$1
kotlinx.coroutines.flow.FlowKt__MigrationKt$delayFlow$1
kotlinx.coroutines.flow.FlowKt__MigrationKt$onErrorReturn$1
kotlinx.coroutines.flow.FlowKt__MigrationKt$onErrorReturn$2
kotlinx.coroutines.flow.FlowKt__MigrationKt$switchMap$$inlined$flatMapLatest$1
kotlinx.coroutines.flow.FlowKt__MigrationKt
kotlinx.coroutines.flow.FlowKt__ReduceKt$first$$inlined$collectWhile$1
kotlinx.coroutines.flow.FlowKt__ReduceKt$first$$inlined$collectWhile$2$1
kotlinx.coroutines.flow.FlowKt__ReduceKt$first$$inlined$collectWhile$2
kotlinx.coroutines.flow.FlowKt__ReduceKt$first$1
kotlinx.coroutines.flow.FlowKt__ReduceKt$first$3
kotlinx.coroutines.flow.FlowKt__ReduceKt$firstOrNull$$inlined$collectWhile$1
kotlinx.coroutines.flow.FlowKt__ReduceKt$firstOrNull$$inlined$collectWhile$2$1
kotlinx.coroutines.flow.FlowKt__ReduceKt$firstOrNull$$inlined$collectWhile$2
kotlinx.coroutines.flow.FlowKt__ReduceKt$firstOrNull$1
kotlinx.coroutines.flow.FlowKt__ReduceKt$firstOrNull$3
kotlinx.coroutines.flow.FlowKt__ReduceKt$fold$1
kotlinx.coroutines.flow.FlowKt__ReduceKt$fold$2$emit$1
kotlinx.coroutines.flow.FlowKt__ReduceKt$fold$2
kotlinx.coroutines.flow.FlowKt__ReduceKt$last$1
kotlinx.coroutines.flow.FlowKt__ReduceKt$last$2
kotlinx.coroutines.flow.FlowKt__ReduceKt$lastOrNull$1
kotlinx.coroutines.flow.FlowKt__ReduceKt$lastOrNull$2
kotlinx.coroutines.flow.FlowKt__ReduceKt$reduce$1
kotlinx.coroutines.flow.FlowKt__ReduceKt$reduce$2$emit$1
kotlinx.coroutines.flow.FlowKt__ReduceKt$reduce$2
kotlinx.coroutines.flow.FlowKt__ReduceKt$single$1
kotlinx.coroutines.flow.FlowKt__ReduceKt$single$2
kotlinx.coroutines.flow.FlowKt__ReduceKt$singleOrNull$$inlined$collectWhile$1
kotlinx.coroutines.flow.FlowKt__ReduceKt$singleOrNull$1
kotlinx.coroutines.flow.FlowKt__ReduceKt
kotlinx.coroutines.flow.FlowKt__ShareKt$launchSharing$1$1